0 info it worked if it ends with ok
1 verbose cli [ 'node',
1 verbose cli   '/usr/local/bin/npm',
1 verbose cli   'install',
1 verbose cli   'recordrtc-socketio',
1 verbose cli   '-g' ]
2 info using npm@1.4.28
3 info using node@v0.10.35
4 verbose cache add [ 'recordrtc-socketio', null ]
5 verbose cache add name=undefined spec="recordrtc-socketio" args=["recordrtc-socketio",null]
6 verbose parsed url { protocol: null,
6 verbose parsed url   slashes: null,
6 verbose parsed url   auth: null,
6 verbose parsed url   host: null,
6 verbose parsed url   port: null,
6 verbose parsed url   hostname: null,
6 verbose parsed url   hash: null,
6 verbose parsed url   search: null,
6 verbose parsed url   query: null,
6 verbose parsed url   pathname: 'recordrtc-socketio',
6 verbose parsed url   path: 'recordrtc-socketio',
6 verbose parsed url   href: 'recordrtc-socketio' }
7 silly lockFile 5bbc1da8-recordrtc-socketio recordrtc-socketio
8 verbose lock recordrtc-socketio /Users/sarahgarcin/.npm/5bbc1da8-recordrtc-socketio.lock
9 silly lockFile 5bbc1da8-recordrtc-socketio recordrtc-socketio
10 silly lockFile 5bbc1da8-recordrtc-socketio recordrtc-socketio
11 verbose addNamed [ 'recordrtc-socketio', '' ]
12 verbose addNamed [ null, '*' ]
13 silly lockFile c83f6d5e-recordrtc-socketio recordrtc-socketio@
14 verbose lock recordrtc-socketio@ /Users/sarahgarcin/.npm/c83f6d5e-recordrtc-socketio.lock
15 silly addNameRange { name: 'recordrtc-socketio', range: '*', hasData: false }
16 verbose request where is /recordrtc-socketio
17 verbose request registry https://registry.npmjs.org/
18 verbose request id 5f5b4371b2235a65
19 verbose url raw /recordrtc-socketio
20 verbose url resolving [ 'https://registry.npmjs.org/', './recordrtc-socketio' ]
21 verbose url resolved https://registry.npmjs.org/recordrtc-socketio
22 verbose request where is https://registry.npmjs.org/recordrtc-socketio
23 info trying registry request attempt 1 at 17:11:11
24 verbose etag "EJFAPOUMVALLXIG0F29AR1B0E"
25 http GET https://registry.npmjs.org/recordrtc-socketio
26 http 304 https://registry.npmjs.org/recordrtc-socketio
27 silly registry.get cb [ 304,
27 silly registry.get   { date: 'Mon, 13 Apr 2015 15:11:12 GMT',
27 silly registry.get     server: 'Apache',
27 silly registry.get     via: '1.1 varnish',
27 silly registry.get     'last-modified': 'Mon, 13 Apr 2015 15:11:12 GMT',
27 silly registry.get     'cache-control': 'max-age=60',
27 silly registry.get     etag: '"EJFAPOUMVALLXIG0F29AR1B0E"',
27 silly registry.get     age: '0',
27 silly registry.get     'x-served-by': 'cache-lcy1123-LCY',
27 silly registry.get     'x-cache': 'MISS',
27 silly registry.get     'x-cache-hits': '0',
27 silly registry.get     'x-timer': 'S1428937872.352971,VS0,VE90',
27 silly registry.get     vary: 'Accept',
27 silly registry.get     'content-length': '0',
27 silly registry.get     'keep-alive': 'timeout=10, max=50',
27 silly registry.get     connection: 'Keep-Alive' } ]
28 verbose etag https://registry.npmjs.org/recordrtc-socketio from cache
29 silly addNameRange number 2 { name: 'recordrtc-socketio', range: '*', hasData: true }
30 silly addNameRange versions [ 'recordrtc-socketio', [ '1.0.0', '1.0.5' ] ]
31 verbose addNamed [ 'recordrtc-socketio', '1.0.5' ]
32 verbose addNamed [ '1.0.5', '1.0.5' ]
33 silly lockFile 26463a49-recordrtc-socketio-1-0-5 recordrtc-socketio@1.0.5
34 verbose lock recordrtc-socketio@1.0.5 /Users/sarahgarcin/.npm/26463a49-recordrtc-socketio-1-0-5.lock
35 silly lockFile 26463a49-recordrtc-socketio-1-0-5 recordrtc-socketio@1.0.5
36 silly lockFile 26463a49-recordrtc-socketio-1-0-5 recordrtc-socketio@1.0.5
37 silly lockFile c83f6d5e-recordrtc-socketio recordrtc-socketio@
38 silly lockFile c83f6d5e-recordrtc-socketio recordrtc-socketio@
39 silly resolved [ { name: 'recordrtc-socketio',
39 silly resolved     preferGlobal: true,
39 silly resolved     version: '1.0.5',
39 silly resolved     author: { name: 'Muaz Khan', email: 'muazkh@gmail.com' },
39 silly resolved     description: 'Records audio/video separately as wav/webm. Emits both files using socket.io. Socket.io server end receives emitted data; and writes wav/web files to disk. Node.js code invokes ffmpeg to merge wav/webm in single webm file. Socket.io server emits merged ev',
39 silly resolved     contributors: [ [Object] ],
39 silly resolved     scripts: { start: 'node server.js' },
39 silly resolved     main: './server.js',
39 silly resolved     repository:
39 silly resolved      { type: 'git',
39 silly resolved        url: 'https://github.com/muaz-khan/WebRTC-Experiment.git' },
39 silly resolved     keywords:
39 silly resolved      [ 'webrtc',
39 silly resolved        'javascript',
39 silly resolved        'RecordRTC',
39 silly resolved        'socket.io',
39 silly resolved        'Node.js',
39 silly resolved        'ffmpeg',
39 silly resolved        'audio-recording',
39 silly resolved        'video-recording',
39 silly resolved        'gif-recording',
39 silly resolved        'audio/video recording',
39 silly resolved        'webp',
39 silly resolved        'webm',
39 silly resolved        'wav' ],
39 silly resolved     analyze: false,
39 silly resolved     license: 'MIT',
39 silly resolved     engines: { node: '>=0.6' },
39 silly resolved     dependencies:
39 silly resolved      { 'socket.io': '^1.0.6',
39 silly resolved        'fluent-ffmpeg': '^1.7.2',
39 silly resolved        'node-uuid': '^1.4.1' },
39 silly resolved     bugs: { url: 'https://github.com/muaz-khan/WebRTC-Experiment/issues' },
39 silly resolved     homepage: 'https://github.com/muaz-khan/WebRTC-Experiment/tree/master/RecordRTC/RecordRTC-to-Nodejs',
39 silly resolved     _id: 'recordrtc-socketio@1.0.5',
39 silly resolved     _from: 'recordrtc-socketio@',
39 silly resolved     _shasum: 'e26e50095faac15242e97d4250a53434367b57f6',
39 silly resolved     _npmVersion: '1.4.9',
39 silly resolved     _npmUser: { name: 'muaz-khan', email: 'muazkh@gmail.com' },
39 silly resolved     maintainers: [ [Object] ],
39 silly resolved     dist:
39 silly resolved      { shasum: 'e26e50095faac15242e97d4250a53434367b57f6',
39 silly resolved        tarball: 'http://registry.npmjs.org/recordrtc-socketio/-/recordrtc-socketio-1.0.5.tgz' },
39 silly resolved     directories: {},
39 silly resolved     _resolved: 'https://registry.npmjs.org/recordrtc-socketio/-/recordrtc-socketio-1.0.5.tgz',
39 silly resolved     readme: 'ERROR: No README data found!' } ]
40 info install recordrtc-socketio@1.0.5 into /usr/local/lib
41 info installOne recordrtc-socketio@1.0.5
42 verbose lib/node_modules/recordrtc-socketio unbuild
43 verbose tar unpack /Users/sarahgarcin/.npm/recordrtc-socketio/1.0.5/package.tgz
44 silly lockFile 09ab6bf6--node-modules-recordrtc-socketio tar:///usr/local/lib/node_modules/recordrtc-socketio
45 verbose lock tar:///usr/local/lib/node_modules/recordrtc-socketio /Users/sarahgarcin/.npm/09ab6bf6--node-modules-recordrtc-socketio.lock
46 silly lockFile bca6602d-rdrtc-socketio-1-0-5-package-tgz tar:///Users/sarahgarcin/.npm/recordrtc-socketio/1.0.5/package.tgz
47 verbose lock tar:///Users/sarahgarcin/.npm/recordrtc-socketio/1.0.5/package.tgz /Users/sarahgarcin/.npm/bca6602d-rdrtc-socketio-1-0-5-package-tgz.lock
48 silly gunzTarPerm modes [ '755', '644' ]
49 error Error: EACCES, mkdir '/usr/local/lib/node_modules/recordrtc-socketio'
49 error  { [Error: EACCES, mkdir '/usr/local/lib/node_modules/recordrtc-socketio']
49 error   errno: 3,
49 error   code: 'EACCES',
49 error   path: '/usr/local/lib/node_modules/recordrtc-socketio',
49 error   fstream_type: 'Directory',
49 error   fstream_path: '/usr/local/lib/node_modules/recordrtc-socketio',
49 error   fstream_class: 'DirWriter',
49 error   fstream_stack:
49 error    [ '/usr/local/lib/node_modules/npm/node_modules/fstream/lib/dir-writer.js:36:23',
49 error      '/usr/local/lib/node_modules/npm/node_modules/mkdirp/index.js:46:53',
49 error      'Object.oncomplete (fs.js:108:15)' ] }
50 error Please try running this command again as root/Administrator.
51 error System Darwin 13.1.0
52 error command "node" "/usr/local/bin/npm" "install" "recordrtc-socketio" "-g"
53 error cwd /Users/sarahgarcin/Sites/opendoc-child
54 error node -v v0.10.35
55 error npm -v 1.4.28
56 error path /usr/local/lib/node_modules/recordrtc-socketio
57 error fstream_path /usr/local/lib/node_modules/recordrtc-socketio
58 error fstream_type Directory
59 error fstream_class DirWriter
60 error code EACCES
61 error errno 3
62 error stack Error: EACCES, mkdir '/usr/local/lib/node_modules/recordrtc-socketio'
63 error fstream_stack /usr/local/lib/node_modules/npm/node_modules/fstream/lib/dir-writer.js:36:23
63 error fstream_stack /usr/local/lib/node_modules/npm/node_modules/mkdirp/index.js:46:53
63 error fstream_stack Object.oncomplete (fs.js:108:15)
64 verbose exit [ 3, true ]
